Running: E:\Xilinx\14.7\ISE_DS\ISE\bin\nt64\unwrapped\fuse.exe -intstyle ise -incremental -lib secureip -o E:/hoshino_Data/SotsuKen/ISE/myinteg100/pulse_sim/pulse_sim_test_isim_beh.exe -prj E:/hoshino_Data/SotsuKen/ISE/myinteg100/pulse_sim/pulse_sim_test_beh.prj work.pulse_sim_test 
ISim P.20131013 (signature 0x7708f090)
Number of CPUs detected in this system: 4
Turning on mult-threading, number of parallel sub-compilation jobs: 8 
Determining compilation order of HDL files
Parsing VHDL file "E:/hoshino_Data/SotsuKen/ISE/myinteg100/pulse_sim/ipcore_dir/clk_gen.vhd" into library work
Parsing VHDL file "E:/hoshino_Data/SotsuKen/ISE/myinteg100/pulse_sim/top.vhd" into library work
Parsing VHDL file "E:/hoshino_Data/SotsuKen/ISE/myinteg100/pulse_sim/pulse_sim_test.vhd" into library work
Starting static elaboration
Completed static elaboration
Compiling package standard
Compiling package std_logic_1164
Compiling package numeric_std
Compiling package std_logic_arith
Compiling package std_logic_unsigned
Compiling package vcomponents
Compiling package textio
Compiling package vital_timing
Compiling package vital_primitives
Compiling package vpkg
Compiling architecture ibufg_v of entity IBUFG [\IBUFG("DONT_CARE","0",true,"DEF...]
Compiling architecture dcm_sp_clock_divide_by_2_v of entity dcm_sp_clock_divide_by_2 [dcm_sp_clock_divide_by_2_default]
Compiling architecture dcm_sp_maximum_period_check_v of entity dcm_sp_maximum_period_check [\dcm_sp_maximum_period_check("*"...]
Compiling architecture dcm_sp_maximum_period_check_v of entity dcm_sp_maximum_period_check [\dcm_sp_maximum_period_check("*"...]
Compiling architecture dcm_sp_clock_lost_v of entity dcm_sp_clock_lost [dcm_sp_clock_lost_default]
Compiling architecture dcm_sp_v of entity DCM_SP [\DCM_SP(true,"*",true,false,2.0,...]
Compiling architecture bufg_v of entity BUFG [bufg_default]
Compiling architecture xilinx of entity clk_gen [clk_gen_default]
Compiling architecture behavioral of entity top [top_default]
Compiling architecture behavior of entity pulse_sim_test
Time Resolution for simulation is 1ps.
Waiting for 11 sub-compilation(s) to finish...
Compiled 29 VHDL Units
Built simulation executable E:/hoshino_Data/SotsuKen/ISE/myinteg100/pulse_sim/pulse_sim_test_isim_beh.exe
Fuse Memory Usage: 61032 KB
Fuse CPU Usage: 890 ms
