Release 14.7 - xst P.20131013 (nt64)
Copyright (c) 1995-2013 Xilinx, Inc.  All rights reserved.
--> Parameter TMPDIR set to xst/projnav.tmp


Total REAL time to Xst completion: 0.00 secs
Total CPU time to Xst completion: 0.09 secs
 
--> Parameter xsthdpdir set to xst


Total REAL time to Xst completion: 0.00 secs
Total CPU time to Xst completion: 0.09 secs
 
--> Reading design: top.prj

TABLE OF CONTENTS
  1) Synthesis Options Summary
  2) HDL Parsing
  3) HDL Elaboration
  4) HDL Synthesis
       4.1) HDL Synthesis Report
  5) Advanced HDL Synthesis
       5.1) Advanced HDL Synthesis Report
  6) Low Level Synthesis
  7) Partition Report
  8) Design Summary
       8.1) Primitive and Black Box Usage
       8.2) Device utilization summary
       8.3) Partition Resource Summary
       8.4) Timing Report
            8.4.1) Clock Information
            8.4.2) Asynchronous Control Signals Information
            8.4.3) Timing Summary
            8.4.4) Timing Details
            8.4.5) Cross Clock Domains Report


=========================================================================
*                      Synthesis Options Summary                        *
=========================================================================
---- Source Parameters
Input File Name                    : "top.prj"
Ignore Synthesis Constraint File   : NO

---- Target Parameters
Output File Name                   : "top"
Output Format                      : NGC
Target Device                      : xc6slx9-2-tqg144

---- Source Options
Top Module Name                    : top
Automatic FSM Extraction           : YES
FSM Encoding Algorithm             : Auto
Safe Implementation                : No
FSM Style                          : LUT
RAM Extraction                     : Yes
RAM Style                          : Auto
ROM Extraction                     : Yes
Shift Register Extraction          : YES
ROM Style                          : Auto
Resource Sharing                   : YES
Asynchronous To Synchronous        : NO
Shift Register Minimum Size        : 2
Use DSP Block                      : Auto
Automatic Register Balancing       : No

---- Target Options
LUT Combining                      : Auto
Reduce Control Sets                : Auto
Add IO Buffers                     : YES
Global Maximum Fanout              : 100000
Add Generic Clock Buffer(BUFG)     : 16
Register Duplication               : YES
Optimize Instantiated Primitives   : NO
Use Clock Enable                   : Auto
Use Synchronous Set                : Auto
Use Synchronous Reset              : Auto
Pack IO Registers into IOBs        : Auto
Equivalent register Removal        : YES

---- General Options
Optimization Goal                  : Speed
Optimization Effort                : 1
Power Reduction                    : NO
Keep Hierarchy                     : No
Netlist Hierarchy                  : As_Optimized
RTL Output                         : Yes
Global Optimization                : AllClockNets
Read Cores                         : YES
Write Timing Constraints           : NO
Cross Clock Analysis               : NO
Hierarchy Separator                : /
Bus Delimiter                      : <>
Case Specifier                     : Maintain
Slice Utilization Ratio            : 100
BRAM Utilization Ratio             : 100
DSP48 Utilization Ratio            : 100
Auto BRAM Packing                  : NO
Slice Utilization Ratio Delta      : 5

---- Other Options
Cores Search Directories           : {"ipcore_dir"  }

=========================================================================


=========================================================================
*                          HDL Parsing                                  *
=========================================================================
Parsing VHDL file "E:\hoshino_Data\SotsuKen\ISE\myinteg100\pulse_sim\ipcore_dir\clk_gen.vhd" into library work
Parsing entity <clk_gen>.
Parsing architecture <xilinx> of entity <clk_gen>.
Parsing VHDL file "E:\hoshino_Data\SotsuKen\ISE\myinteg100\pulse_sim\top.vhd" into library work
Parsing entity <top>.
Parsing architecture <Behavioral> of entity <top>.

=========================================================================
*                            HDL Elaboration                            *
=========================================================================

Elaborating entity <top> (architecture <Behavioral>) from library <work>.

Elaborating entity <clk_gen> (architecture <xilinx>) from library <work>.
WARNING:HDLCompiler:1127 - "E:\hoshino_Data\SotsuKen\ISE\myinteg100\pulse_sim\top.vhd" Line 120: Assignment to counter_2 ignored, since the identifier is never used

=========================================================================
*                           HDL Synthesis                               *
=========================================================================

Synthesizing Unit <top>.
    Related source file is "E:\hoshino_Data\SotsuKen\ISE\myinteg100\pulse_sim\top.vhd".
WARNING:Xst:647 - Input <data_2> is never used. This port will be preserved and left unconnected if it belongs to a top-level block or it belongs to a sub-block and the hierarchy of this sub-block is preserved.
WARNING:Xst:647 - Input <ref_2> is never used. This port will be preserved and left unconnected if it belongs to a top-level block or it belongs to a sub-block and the hierarchy of this sub-block is preserved.
WARNING:Xst:647 - Input <timing_2> is never used. This port will be preserved and left unconnected if it belongs to a top-level block or it belongs to a sub-block and the hierarchy of this sub-block is preserved.
    Found 4-bit register for signal <bit_count_1>.
    Found 16-bit register for signal <counter_1>.
    Found 1-bit register for signal <already_set_1>.
    Found 1-bit register for signal <already_high_1>.
    Found 1-bit register for signal <timing_on_1>.
    Found 1-bit register for signal <trigger_1>.
    Found 1-bit register for signal <pulse_out_1>.
    Found 16-bit register for signal <p_count_data_1>.
    Found 1-bit register for signal <one>.
    Found 16-bit register for signal <data_out>.
    Found finite state machine <FSM_0> for signal <bit_count_1>.
    -----------------------------------------------------------------------
    | States             | 16                                             |
    | Transitions        | 48                                             |
    | Inputs             | 2                                              |
    | Outputs            | 6                                              |
    | Clock              | clk_10M (rising_edge)                          |
    | Reset              | rst (positive)                                 |
    | Reset type         | asynchronous                                   |
    | Reset State        | 0000                                           |
    | Encoding           | auto                                           |
    | Implementation     | LUT                                            |
    -----------------------------------------------------------------------
    Found 16-bit adder for signal <counter_1[15]_GND_6_o_add_3_OUT> created at line 153.
    Found 16-bit comparator equal for signal <counter_1[15]_p_count_data_1[15]_equal_3_o> created at line 148
    Summary:
	inferred   1 Adder/Subtractor(s).
	inferred  54 D-type flip-flop(s).
	inferred   1 Comparator(s).
	inferred  23 Multiplexer(s).
	inferred   1 Finite State Machine(s).
Unit <top> synthesized.

Synthesizing Unit <clk_gen>.
    Related source file is "E:\hoshino_Data\SotsuKen\ISE\myinteg100\pulse_sim\ipcore_dir\clk_gen.vhd".
    Summary:
	no macro.
Unit <clk_gen> synthesized.

=========================================================================
HDL Synthesis Report

Macro Statistics
# Adders/Subtractors                                   : 1
 16-bit adder                                          : 1
# Registers                                            : 9
 1-bit register                                        : 6
 16-bit register                                       : 3
# Comparators                                          : 1
 16-bit comparator equal                               : 1
# Multiplexers                                         : 23
 1-bit 2-to-1 multiplexer                              : 21
 16-bit 2-to-1 multiplexer                             : 2
# FSMs                                                 : 1

=========================================================================

=========================================================================
*                       Advanced HDL Synthesis                          *
=========================================================================


Synthesizing (advanced) Unit <top>.
The following registers are absorbed into counter <counter_1>: 1 register on signal <counter_1>.
Unit <top> synthesized (advanced).

=========================================================================
Advanced HDL Synthesis Report

Macro Statistics
# Counters                                             : 1
 16-bit up counter                                     : 1
# Registers                                            : 38
 Flip-Flops                                            : 38
# Comparators                                          : 1
 16-bit comparator equal                               : 1
# Multiplexers                                         : 22
 1-bit 2-to-1 multiplexer                              : 21
 16-bit 2-to-1 multiplexer                             : 1
# FSMs                                                 : 1

=========================================================================

=========================================================================
*                         Low Level Synthesis                           *
=========================================================================
Analyzing FSM <MFsm> for best encoding.
Optimizing FSM <FSM_0> on signal <bit_count_1[1:4]> with user encoding.
-------------------
 State | Encoding
-------------------
 0000  | 0000
 0001  | 0001
 0010  | 0010
 0011  | 0011
 0100  | 0100
 0101  | 0101
 0110  | 0110
 0111  | 0111
 1000  | 1000
 1001  | 1001
 1010  | 1010
 1011  | 1011
 1100  | 1100
 1101  | 1101
 1110  | 1110
 1111  | 1111
-------------------

Optimizing unit <top> ...

Mapping all equations...
Building and optimizing final netlist ...
Found area constraint ratio of 100 (+ 5) on block top, actual ratio is 1.

Final Macro Processing ...

=========================================================================
Final Register Report

Macro Statistics
# Registers                                            : 58
 Flip-Flops                                            : 58

=========================================================================

=========================================================================
*                           Partition Report                            *
=========================================================================

Partition Implementation Status
-------------------------------

  No Partitions were found in this design.

-------------------------------

=========================================================================
*                            Design Summary                             *
=========================================================================

Top Level Output File Name         : top.ngc

Primitive and Black Box Usage:
------------------------------
# BELS                             : 93
#      GND                         : 1
#      INV                         : 1
#      LUT1                        : 1
#      LUT2                        : 20
#      LUT3                        : 6
#      LUT4                        : 1
#      LUT5                        : 1
#      LUT6                        : 22
#      MUXCY                       : 23
#      VCC                         : 1
#      XORCY                       : 16
# FlipFlops/Latches                : 58
#      FDC                         : 7
#      FDCE                        : 18
#      FDE                         : 33
# Clock Buffers                    : 2
#      BUFG                        : 2
# IO Buffers                       : 24
#      IBUF                        : 4
#      IBUFG                       : 1
#      OBUF                        : 19
# DCMs                             : 1
#      DCM_SP                      : 1

Device utilization summary:
---------------------------

Selected Device : 6slx9tqg144-2 


Slice Logic Utilization: 
 Number of Slice Registers:              58  out of  11440     0%  
 Number of Slice LUTs:                   52  out of   5720     0%  
    Number used as Logic:                52  out of   5720     0%  

Slice Logic Distribution: 
 Number of LUT Flip Flop pairs used:     68
   Number with an unused Flip Flop:      10  out of     68    14%  
   Number with an unused LUT:            16  out of     68    23%  
   Number of fully used LUT-FF pairs:    42  out of     68    61%  
   Number of unique control sets:         6

IO Utilization: 
 Number of IOs:                          27
 Number of bonded IOBs:                  24  out of    102    23%  

Specific Feature Utilization:
 Number of BUFG/BUFGCTRLs:                2  out of     16    12%  

---------------------------
Partition Resource Summary:
---------------------------

  No Partitions were found in this design.

---------------------------


=========================================================================
Timing Report

NOTE: THESE TIMING NUMBERS ARE ONLY A SYNTHESIS ESTIMATE.
      FOR ACCURATE TIMING INFORMATION PLEASE REFER TO THE TRACE REPORT
      GENERATED AFTER PLACE-and-ROUTE.

Clock Information:
------------------
-----------------------------------+------------------------+-------+
Clock Signal                       | Clock buffer(FF name)  | Load  |
-----------------------------------+------------------------+-------+
clk                                | DCM_SP:CLKFX           | 58    |
-----------------------------------+------------------------+-------+

Asynchronous Control Signals Information:
----------------------------------------
No asynchronous control signals found in this design

Timing Summary:
---------------
Speed Grade: -2

   Minimum period: 1.515ns (Maximum Frequency: 660.032MHz)
   Minimum input arrival time before clock: 4.727ns
   Maximum output required time after clock: 4.202ns
   Maximum combinational path delay: 5.043ns

Timing Details:
---------------
All values displayed in nanoseconds (ns)

=========================================================================
Timing constraint: Default period analysis for Clock 'clk'
  Clock period: 1.515ns (frequency: 660.032MHz)
  Total number of paths / destination ports: 1080 / 105
-------------------------------------------------------------------------
Delay:               4.848ns (Levels of Logic = 9)
  Source:            counter_1_0 (FF)
  Destination:       trigger_1 (FF)
  Source Clock:      clk rising 0.3X
  Destination Clock: clk rising 0.3X

  Data Path: counter_1_0 to trigger_1
                                Gate     Net
    Cell:in->out      fanout   Delay   Delay  Logical Name (Net Name)
    ----------------------------------------  ------------
     FDCE:C->Q             2   0.525   1.181  counter_1_0 (counter_1_0)
     LUT6:I0->O            1   0.254   0.000  Mcompar_counter_1[15]_p_count_data_1[15]_equal_3_o_lut<0> (Mcompar_counter_1[15]_p_count_data_1[15]_equal_3_o_lut<0>)
     MUXCY:S->O            1   0.215   0.000  Mcompar_counter_1[15]_p_count_data_1[15]_equal_3_o_cy<0> (Mcompar_counter_1[15]_p_count_data_1[15]_equal_3_o_cy<0>)
     MUXCY:CI->O           1   0.023   0.000  Mcompar_counter_1[15]_p_count_data_1[15]_equal_3_o_cy<1> (Mcompar_counter_1[15]_p_count_data_1[15]_equal_3_o_cy<1>)
     MUXCY:CI->O           1   0.023   0.000  Mcompar_counter_1[15]_p_count_data_1[15]_equal_3_o_cy<2> (Mcompar_counter_1[15]_p_count_data_1[15]_equal_3_o_cy<2>)
     MUXCY:CI->O           1   0.023   0.000  Mcompar_counter_1[15]_p_count_data_1[15]_equal_3_o_cy<3> (Mcompar_counter_1[15]_p_count_data_1[15]_equal_3_o_cy<3>)
     MUXCY:CI->O           1   0.023   0.000  Mcompar_counter_1[15]_p_count_data_1[15]_equal_3_o_cy<4> (Mcompar_counter_1[15]_p_count_data_1[15]_equal_3_o_cy<4>)
     MUXCY:CI->O           3   0.023   0.766  Mcompar_counter_1[15]_p_count_data_1[15]_equal_3_o_cy<5> (counter_1[15]_p_count_data_1[15]_equal_3_o)
     LUT2:I1->O           17   0.254   1.209  trigger_1_trigger_1_MUX_23_o1 (trigger_1_trigger_1_MUX_23_o)
     LUT3:I2->O            1   0.254   0.000  trigger_1_rstpot (trigger_1_rstpot)
     FDC:D                     0.074          trigger_1
    ----------------------------------------
    Total                      4.848ns (1.692ns logic, 3.156ns route)
                                       (34.9% logic, 65.1% route)

=========================================================================
Timing constraint: Default OFFSET IN BEFORE for Clock 'clk'
  Total number of paths / destination ports: 102 / 69
-------------------------------------------------------------------------
Offset:              4.727ns (Levels of Logic = 2)
  Source:            rst (PAD)
  Destination:       n_count_data_1_0 (FF)
  Destination Clock: clk rising 0.3X

  Data Path: rst to n_count_data_1_0
                                Gate     Net
    Cell:in->out      fanout   Delay   Delay  Logical Name (Net Name)
    ----------------------------------------  ------------
     IBUF:I->O            28   1.328   1.681  rst_IBUF (rst_IBUF)
     LUT3:I0->O           16   0.235   1.181  _n0307_inv1 (_n0307_inv)
     FDE:CE                    0.302          n_count_data_1_0
    ----------------------------------------
    Total                      4.727ns (1.865ns logic, 2.862ns route)
                                       (39.5% logic, 60.5% route)

=========================================================================
Timing constraint: Default OFFSET OUT AFTER for Clock 'clk'
  Total number of paths / destination ports: 17 / 17
-------------------------------------------------------------------------
Offset:              4.202ns (Levels of Logic = 1)
  Source:            n_count_data_1_15 (FF)
  Destination:       data_out<15> (PAD)
  Source Clock:      clk rising 0.3X

  Data Path: n_count_data_1_15 to data_out<15>
                                Gate     Net
    Cell:in->out      fanout   Delay   Delay  Logical Name (Net Name)
    ----------------------------------------  ------------
     FDE:C->Q              3   0.525   0.765  n_count_data_1_15 (n_count_data_1_15)
     OBUF:I->O                 2.912          data_out_15_OBUF (data_out<15>)
    ----------------------------------------
    Total                      4.202ns (3.437ns logic, 0.765ns route)
                                       (81.8% logic, 18.2% route)

=========================================================================
Timing constraint: Default path analysis
  Total number of paths / destination ports: 1 / 1
-------------------------------------------------------------------------
Delay:               5.043ns (Levels of Logic = 2)
  Source:            timing_1 (PAD)
  Destination:       led (PAD)

  Data Path: timing_1 to led
                                Gate     Net
    Cell:in->out      fanout   Delay   Delay  Logical Name (Net Name)
    ----------------------------------------  ------------
     IBUF:I->O             4   1.328   0.803  timing_1_IBUF (led_OBUF)
     OBUF:I->O                 2.912          led_OBUF (led)
    ----------------------------------------
    Total                      5.043ns (4.240ns logic, 0.803ns route)
                                       (84.1% logic, 15.9% route)

=========================================================================

Cross Clock Domains Report:
--------------------------

Clock to Setup on destination clock clk
---------------+---------+---------+---------+---------+
               | Src:Rise| Src:Fall| Src:Rise| Src:Fall|
Source Clock   |Dest:Rise|Dest:Rise|Dest:Fall|Dest:Fall|
---------------+---------+---------+---------+---------+
clk            |    4.848|         |         |         |
---------------+---------+---------+---------+---------+

=========================================================================


Total REAL time to Xst completion: 5.00 secs
Total CPU time to Xst completion: 5.35 secs
 
--> 

Total memory usage is 4501884 kilobytes

Number of errors   :    0 (   0 filtered)
Number of warnings :    4 (   0 filtered)
Number of infos    :    0 (   0 filtered)

